2017-06-20 00:48:38 Error: [Cake\Core\Exception\Exception] AclNode::node() - Couldn't find Aros node identified by "Array
(
    [Aros0.model] => Groups
    [Aros0.foreign_key] => 1
)
" in /home/felipe/Documentos/Projetos/sim/vendor/cakephp/acl/src/Model/Table/AclNodesTable.php on line 183
Stack Trace:
#0 /home/felipe/Documentos/Projetos/sim/vendor/cakephp/acl/src/Model/Table/PermissionsTable.php(225): Acl\Model\Table\AclNodesTable->node(Array)
#1 /home/felipe/Documentos/Projetos/sim/vendor/cakephp/acl/src/Model/Table/PermissionsTable.php(167): Acl\Model\Table\PermissionsTable->getAclLink(Array, 'controllers')
#2 /home/felipe/Documentos/Projetos/sim/vendor/cakephp/acl/src/Adapter/DbAcl.php(95): Acl\Model\Table\PermissionsTable->allow(Array, 'controllers', '*', 1)
#3 /home/felipe/Documentos/Projetos/sim/vendor/cakephp/acl/src/Controller/Component/AclComponent.php(134): Acl\Adapter\DbAcl->allow(Array, 'controllers', '*')
#4 /home/felipe/Documentos/Projetos/sim/vendor/cakephp/acl/src/Shell/AclShell.php(276): Acl\Controller\Component\AclComponent->allow(Array, 'controllers', '*')
#5 /home/felipe/Documentos/Projetos/sim/vendor/cakephp/cakephp/src/Console/Shell.php(458): Acl\Shell\AclShell->grant('Groups.1', 'controllers')
#6 /home/felipe/Documentos/Projetos/sim/vendor/cakephp/cakephp/src/Console/ShellDispatcher.php(230): Cake\Console\Shell->runCommand(Array, true, Array)
#7 /home/felipe/Documentos/Projetos/sim/vendor/cakephp/cakephp/src/Console/ShellDispatcher.php(182): Cake\Console\ShellDispatcher->_dispatch(Array)
#8 /home/felipe/Documentos/Projetos/sim/vendor/cakephp/cakephp/src/Console/ShellDispatcher.php(128): Cake\Console\ShellDispatcher->dispatch(Array)
#9 /home/felipe/Documentos/Projetos/sim/bin/cake.php(34): Cake\Console\ShellDispatcher::run(Array)
#10 {main}


2017-06-20 00:56:35 Error: [Cake\Core\Exception\Exception] AclNode::node() - Couldn't find Aros node identified by "Array
(
    [Aros0.model] => Groups
    [Aros0.foreign_key] => 1
)
" in /home/felipe/Documentos/Projetos/sim/vendor/cakephp/acl/src/Model/Table/AclNodesTable.php on line 183
Stack Trace:
#0 /home/felipe/Documentos/Projetos/sim/vendor/cakephp/acl/src/Model/Table/PermissionsTable.php(225): Acl\Model\Table\AclNodesTable->node(Array)
#1 /home/felipe/Documentos/Projetos/sim/vendor/cakephp/acl/src/Model/Table/PermissionsTable.php(167): Acl\Model\Table\PermissionsTable->getAclLink(Array, 'controllers')
#2 /home/felipe/Documentos/Projetos/sim/vendor/cakephp/acl/src/Adapter/DbAcl.php(95): Acl\Model\Table\PermissionsTable->allow(Array, 'controllers', '*', 1)
#3 /home/felipe/Documentos/Projetos/sim/vendor/cakephp/acl/src/Controller/Component/AclComponent.php(134): Acl\Adapter\DbAcl->allow(Array, 'controllers', '*')
#4 /home/felipe/Documentos/Projetos/sim/vendor/cakephp/acl/src/Shell/AclShell.php(276): Acl\Controller\Component\AclComponent->allow(Array, 'controllers', '*')
#5 /home/felipe/Documentos/Projetos/sim/vendor/cakephp/cakephp/src/Console/Shell.php(458): Acl\Shell\AclShell->grant('Groups.1', 'controllers')
#6 /home/felipe/Documentos/Projetos/sim/vendor/cakephp/cakephp/src/Console/ShellDispatcher.php(230): Cake\Console\Shell->runCommand(Array, true, Array)
#7 /home/felipe/Documentos/Projetos/sim/vendor/cakephp/cakephp/src/Console/ShellDispatcher.php(182): Cake\Console\ShellDispatcher->_dispatch(Array)
#8 /home/felipe/Documentos/Projetos/sim/vendor/cakephp/cakephp/src/Console/ShellDispatcher.php(128): Cake\Console\ShellDispatcher->dispatch(Array)
#9 /home/felipe/Documentos/Projetos/sim/bin/cake.php(34): Cake\Console\ShellDispatcher::run(Array)
#10 {main}


2017-06-20 01:04:18 Error: [Cake\Core\Exception\Exception] AclNode::node() - Couldn't find Aros node identified by "Array
(
    [Aros0.model] => Groups
    [Aros0.foreign_key] => 1
)
" in /home/felipe/Documentos/Projetos/sim/vendor/cakephp/acl/src/Model/Table/AclNodesTable.php on line 183
Stack Trace:
#0 /home/felipe/Documentos/Projetos/sim/vendor/cakephp/acl/src/Model/Table/PermissionsTable.php(225): Acl\Model\Table\AclNodesTable->node(Array)
#1 /home/felipe/Documentos/Projetos/sim/vendor/cakephp/acl/src/Model/Table/PermissionsTable.php(167): Acl\Model\Table\PermissionsTable->getAclLink(Array, 'controllers')
#2 /home/felipe/Documentos/Projetos/sim/vendor/cakephp/acl/src/Adapter/DbAcl.php(95): Acl\Model\Table\PermissionsTable->allow(Array, 'controllers', '*', 1)
#3 /home/felipe/Documentos/Projetos/sim/vendor/cakephp/acl/src/Controller/Component/AclComponent.php(134): Acl\Adapter\DbAcl->allow(Array, 'controllers', '*')
#4 /home/felipe/Documentos/Projetos/sim/vendor/cakephp/acl/src/Shell/AclShell.php(276): Acl\Controller\Component\AclComponent->allow(Array, 'controllers', '*')
#5 /home/felipe/Documentos/Projetos/sim/vendor/cakephp/cakephp/src/Console/Shell.php(458): Acl\Shell\AclShell->grant('Groups.1', 'controllers')
#6 /home/felipe/Documentos/Projetos/sim/vendor/cakephp/cakephp/src/Console/ShellDispatcher.php(230): Cake\Console\Shell->runCommand(Array, true, Array)
#7 /home/felipe/Documentos/Projetos/sim/vendor/cakephp/cakephp/src/Console/ShellDispatcher.php(182): Cake\Console\ShellDispatcher->_dispatch(Array)
#8 /home/felipe/Documentos/Projetos/sim/vendor/cakephp/cakephp/src/Console/ShellDispatcher.php(128): Cake\Console\ShellDispatcher->dispatch(Array)
#9 /home/felipe/Documentos/Projetos/sim/bin/cake.php(34): Cake\Console\ShellDispatcher::run(Array)
#10 {main}


2017-06-20 17:06:30 Error: [InvalidArgumentException] There was a problem connecting to the database: SQLSTATE[HY000] [1045] Access denied for user 'root'@'localhost' (using password: YES) in C:\Users\felip\Downloads\sim\vendor\robmorgan\phinx\src\Phinx\Db\Adapter\MysqlAdapter.php on line 115
Stack Trace:
#0 C:\Users\felip\Downloads\sim\vendor\robmorgan\phinx\src\Phinx\Db\Adapter\PdoAdapter.php(238): Phinx\Db\Adapter\MysqlAdapter->connect()
#1 C:\Users\felip\Downloads\sim\vendor\cakephp\migrations\src\CakeAdapter.php(57): Phinx\Db\Adapter\PdoAdapter->getConnection()
#2 C:\Users\felip\Downloads\sim\vendor\cakephp\migrations\src\ConfigurationTrait.php(220): Migrations\CakeAdapter->__construct(Object(Phinx\Db\Adapter\MysqlAdapter), Object(Cake\Database\Connection))
#3 C:\Users\felip\Downloads\sim\vendor\robmorgan\phinx\src\Phinx\Console\Command\Migrate.php(72): Migrations\Command\Migrate->bootstrap(Object(Symfony\Component\Console\Input\ArgvInput), Object(Symfony\Component\Console\Output\ConsoleOutput))
#4 C:\Users\felip\Downloads\sim\vendor\cakephp\migrations\src\ConfigurationTrait.php(165): Phinx\Console\Command\Migrate->execute(Object(Symfony\Component\Console\Input\ArgvInput), Object(Symfony\Component\Console\Output\ConsoleOutput))
#5 C:\Users\felip\Downloads\sim\vendor\cakephp\migrations\src\Command\Migrate.php(64): Migrations\Command\Migrate->parentExecute(Object(Symfony\Component\Console\Input\ArgvInput), Object(Symfony\Component\Console\Output\ConsoleOutput))
#6 C:\Users\felip\Downloads\sim\vendor\symfony\console\Command\Command.php(264): Migrations\Command\Migrate->execute(Object(Symfony\Component\Console\Input\ArgvInput), Object(Symfony\Component\Console\Output\ConsoleOutput))
#7 C:\Users\felip\Downloads\sim\vendor\symfony\console\Application.php(869): Symfony\Component\Console\Command\Command->run(Object(Symfony\Component\Console\Input\ArgvInput), Object(Symfony\Component\Console\Output\ConsoleOutput))
#8 C:\Users\felip\Downloads\sim\vendor\symfony\console\Application.php(223): Symfony\Component\Console\Application->doRunCommand(Object(Migrations\Command\Migrate), Object(Symfony\Component\Console\Input\ArgvInput), Object(Symfony\Component\Console\Output\ConsoleOutput))
#9 C:\Users\felip\Downloads\sim\vendor\symfony\console\Application.php(130): Symfony\Component\Console\Application->doRun(Object(Symfony\Component\Console\Input\ArgvInput), Object(Symfony\Component\Console\Output\ConsoleOutput))
#10 C:\Users\felip\Downloads\sim\vendor\cakephp\migrations\src\Shell\MigrationsShell.php(101): Symfony\Component\Console\Application->run(Object(Symfony\Component\Console\Input\ArgvInput), Object(Symfony\Component\Console\Output\ConsoleOutput))
#11 C:\Users\felip\Downloads\sim\vendor\cakephp\cakephp\src\Console\Shell.php(472): Migrations\Shell\MigrationsShell->main('migrations', 'migrate')
#12 C:\Users\felip\Downloads\sim\vendor\cakephp\migrations\src\Shell\MigrationsShell.php(156): Cake\Console\Shell->runCommand(Array, true, Array)
#13 C:\Users\felip\Downloads\sim\vendor\cakephp\cakephp\src\Console\ShellDispatcher.php(230): Migrations\Shell\MigrationsShell->runCommand(Array, true, Array)
#14 C:\Users\felip\Downloads\sim\vendor\cakephp\cakephp\src\Console\ShellDispatcher.php(182): Cake\Console\ShellDispatcher->_dispatch(Array)
#15 C:\Users\felip\Downloads\sim\vendor\cakephp\cakephp\src\Console\ShellDispatcher.php(128): Cake\Console\ShellDispatcher->dispatch(Array)
#16 C:\Users\felip\Downloads\sim\bin\cake.php(34): Cake\Console\ShellDispatcher::run(Array)
#17 {main}


2017-06-21 00:53:07 Error: [ReflectionException] Class App\Controller\ClienteController does not exist in /home/felipe/Documentos/Projetos/sim/vendor/cakephp/acl/src/AclExtras.php on line 314
Stack Trace:
#0 /home/felipe/Documentos/Projetos/sim/vendor/cakephp/acl/src/AclExtras.php(314): ReflectionClass->__construct('App\\Controller\\...')
#1 /home/felipe/Documentos/Projetos/sim/vendor/cakephp/acl/src/AclExtras.php(199): Acl\AclExtras->_updateControllers(Object(Acl\Model\Entity\Aco), Array)
#2 /home/felipe/Documentos/Projetos/sim/vendor/cakephp/acl/src/AclExtras.php(165): Acl\AclExtras->_processControllers(Object(Acl\Model\Entity\Aco))
#3 /home/felipe/Documentos/Projetos/sim/vendor/cakephp/acl/src/AclExtras.php(151): Acl\AclExtras->acoUpdate(Array)
#4 /home/felipe/Documentos/Projetos/sim/vendor/cakephp/acl/src/Shell/AclExtrasShell.php(83): Acl\AclExtras->acoSync(Array)
#5 /home/felipe/Documentos/Projetos/sim/vendor/cakephp/cakephp/src/Console/Shell.php(458): Acl\Shell\AclExtrasShell->acoSync()
#6 /home/felipe/Documentos/Projetos/sim/vendor/cakephp/cakephp/src/Console/ShellDispatcher.php(230): Cake\Console\Shell->runCommand(Array, true, Array)
#7 /home/felipe/Documentos/Projetos/sim/vendor/cakephp/cakephp/src/Console/ShellDispatcher.php(182): Cake\Console\ShellDispatcher->_dispatch(Array)
#8 /home/felipe/Documentos/Projetos/sim/vendor/cakephp/cakephp/src/Console/ShellDispatcher.php(128): Cake\Console\ShellDispatcher->dispatch(Array)
#9 /home/felipe/Documentos/Projetos/sim/bin/cake.php(34): Cake\Console\ShellDispatcher::run(Array)
#10 {main}


2017-06-21 00:55:10 Error: [ReflectionException] Class App\Controller\ClienteController does not exist in /home/felipe/Documentos/Projetos/sim/vendor/cakephp/acl/src/AclExtras.php on line 314
Stack Trace:
#0 /home/felipe/Documentos/Projetos/sim/vendor/cakephp/acl/src/AclExtras.php(314): ReflectionClass->__construct('App\\Controller\\...')
#1 /home/felipe/Documentos/Projetos/sim/vendor/cakephp/acl/src/AclExtras.php(199): Acl\AclExtras->_updateControllers(Object(Acl\Model\Entity\Aco), Array)
#2 /home/felipe/Documentos/Projetos/sim/vendor/cakephp/acl/src/AclExtras.php(165): Acl\AclExtras->_processControllers(Object(Acl\Model\Entity\Aco))
#3 /home/felipe/Documentos/Projetos/sim/vendor/cakephp/acl/src/AclExtras.php(151): Acl\AclExtras->acoUpdate(Array)
#4 /home/felipe/Documentos/Projetos/sim/vendor/cakephp/acl/src/Shell/AclExtrasShell.php(83): Acl\AclExtras->acoSync(Array)
#5 /home/felipe/Documentos/Projetos/sim/vendor/cakephp/cakephp/src/Console/Shell.php(458): Acl\Shell\AclExtrasShell->acoSync()
#6 /home/felipe/Documentos/Projetos/sim/vendor/cakephp/cakephp/src/Console/ShellDispatcher.php(230): Cake\Console\Shell->runCommand(Array, true, Array)
#7 /home/felipe/Documentos/Projetos/sim/vendor/cakephp/cakephp/src/Console/ShellDispatcher.php(182): Cake\Console\ShellDispatcher->_dispatch(Array)
#8 /home/felipe/Documentos/Projetos/sim/vendor/cakephp/cakephp/src/Console/ShellDispatcher.php(128): Cake\Console\ShellDispatcher->dispatch(Array)
#9 /home/felipe/Documentos/Projetos/sim/bin/cake.php(34): Cake\Console\ShellDispatcher::run(Array)
#10 {main}


2017-06-21 00:58:08 Error: [ReflectionException] Class App\Controller\ClienteController does not exist in /home/felipe/Documentos/Projetos/sim/vendor/cakephp/acl/src/AclExtras.php on line 314
Stack Trace:
#0 /home/felipe/Documentos/Projetos/sim/vendor/cakephp/acl/src/AclExtras.php(314): ReflectionClass->__construct('App\\Controller\\...')
#1 /home/felipe/Documentos/Projetos/sim/vendor/cakephp/acl/src/AclExtras.php(199): Acl\AclExtras->_updateControllers(Object(Acl\Model\Entity\Aco), Array)
#2 /home/felipe/Documentos/Projetos/sim/vendor/cakephp/acl/src/AclExtras.php(165): Acl\AclExtras->_processControllers(Object(Acl\Model\Entity\Aco))
#3 /home/felipe/Documentos/Projetos/sim/vendor/cakephp/acl/src/AclExtras.php(151): Acl\AclExtras->acoUpdate(Array)
#4 /home/felipe/Documentos/Projetos/sim/vendor/cakephp/acl/src/Shell/AclExtrasShell.php(83): Acl\AclExtras->acoSync(Array)
#5 /home/felipe/Documentos/Projetos/sim/vendor/cakephp/cakephp/src/Console/Shell.php(458): Acl\Shell\AclExtrasShell->acoSync()
#6 /home/felipe/Documentos/Projetos/sim/vendor/cakephp/cakephp/src/Console/ShellDispatcher.php(230): Cake\Console\Shell->runCommand(Array, true, Array)
#7 /home/felipe/Documentos/Projetos/sim/vendor/cakephp/cakephp/src/Console/ShellDispatcher.php(182): Cake\Console\ShellDispatcher->_dispatch(Array)
#8 /home/felipe/Documentos/Projetos/sim/vendor/cakephp/cakephp/src/Console/ShellDispatcher.php(128): Cake\Console\ShellDispatcher->dispatch(Array)
#9 /home/felipe/Documentos/Projetos/sim/bin/cake.php(34): Cake\Console\ShellDispatcher::run(Array)
#10 {main}


