2017-06-19 23:03:17 Notice: Notice (8): Undefined index: Groups in [/home/felipe/Documentos/Projetos/sim/tmp/bake/Bake-Model-table-ctp.php, line 21]
Trace:
Cake\Error\BaseErrorHandler::handleError() - CORE/src/Error/BaseErrorHandler.php, line 153
include - ROOT/tmp/bake/Bake-Model-table-ctp.php, line 21
Bake\View\BakeView::_evaluate() - ROOT/vendor/cakephp/bake/src/View/BakeView.php, line 204
Cake\View\View::_render() - CORE/src/View/View.php, line 972
Bake\View\BakeView::render() - ROOT/vendor/cakephp/bake/src/View/BakeView.php, line 140
Bake\Shell\Task\BakeTemplateTask::generate() - ROOT/vendor/cakephp/bake/src/Shell/Task/BakeTemplateTask.php, line 88
Bake\Shell\Task\ModelTask::bakeTable() - ROOT/vendor/cakephp/bake/src/Shell/Task/ModelTask.php, line 934
Bake\Shell\Task\ModelTask::bake() - ROOT/vendor/cakephp/bake/src/Shell/Task/ModelTask.php, line 111
Bake\Shell\Task\ModelTask::main() - ROOT/vendor/cakephp/bake/src/Shell/Task/ModelTask.php, line 97
Bake\Shell\BakeShell::Bake\Shell\{closure}() - ROOT/vendor/cakephp/bake/src/Shell/BakeShell.php, line 257
Cake\Collection\Collection::each() - CORE/src/Collection/CollectionTrait.php, line 51
Bake\Shell\BakeShell::all() - ROOT/vendor/cakephp/bake/src/Shell/BakeShell.php, line 258
Cake\Console\Shell::runCommand() - CORE/src/Console/Shell.php, line 458
Cake\Console\ShellDispatcher::_dispatch() - CORE/src/Console/ShellDispatcher.php, line 230
Cake\Console\ShellDispatcher::dispatch() - CORE/src/Console/ShellDispatcher.php, line 182
Cake\Console\ShellDispatcher::run() - CORE/src/Console/ShellDispatcher.php, line 128
[main] - ROOT/bin/cake.php, line 34



2017-06-20 18:28:07 Notice: Notice (8): Undefined index: Clientes in [C:\Users\felip\Downloads\sim\tmp\bake\Bake-Model-table-ctp.php, line 21]
Trace:
Cake\Error\BaseErrorHandler::handleError() - CORE\src\Error\BaseErrorHandler.php, line 153
include - ROOT\tmp\bake\Bake-Model-table-ctp.php, line 21
Bake\View\BakeView::_evaluate() - ROOT\vendor\cakephp\bake\src\View\BakeView.php, line 204
Cake\View\View::_render() - CORE\src\View\View.php, line 972
Bake\View\BakeView::render() - ROOT\vendor\cakephp\bake\src\View\BakeView.php, line 140
Bake\Shell\Task\BakeTemplateTask::generate() - ROOT\vendor\cakephp\bake\src\Shell\Task\BakeTemplateTask.php, line 88
Bake\Shell\Task\ModelTask::bakeTable() - ROOT\vendor\cakephp\bake\src\Shell\Task\ModelTask.php, line 934
Bake\Shell\Task\ModelTask::bake() - ROOT\vendor\cakephp\bake\src\Shell\Task\ModelTask.php, line 111
Bake\Shell\Task\ModelTask::main() - ROOT\vendor\cakephp\bake\src\Shell\Task\ModelTask.php, line 97
Bake\Shell\BakeShell::Bake\Shell\{closure}() - ROOT\vendor\cakephp\bake\src\Shell\BakeShell.php, line 257
Cake\Collection\Collection::each() - CORE\src\Collection\CollectionTrait.php, line 51
Bake\Shell\BakeShell::all() - ROOT\vendor\cakephp\bake\src\Shell\BakeShell.php, line 258
Cake\Console\Shell::runCommand() - CORE\src\Console\Shell.php, line 458
Cake\Console\ShellDispatcher::_dispatch() - CORE\src\Console\ShellDispatcher.php, line 230
Cake\Console\ShellDispatcher::dispatch() - CORE\src\Console\ShellDispatcher.php, line 182
Cake\Console\ShellDispatcher::run() - CORE\src\Console\ShellDispatcher.php, line 128
[main] - ROOT\bin\cake.php, line 34



